<?xml version="1.0" encoding="UTF-8"?>
<!-- Generated by org.testng.reporters.JUnitXMLReporter -->
<testsuite ignored="0" hostname="DESKTOP-DJ4FDME" failures="0" tests="3" name="Default test" time="13.95" errors="0" timestamp="2025-06-14T08:24:57 IST">
  <testcase classname="org.wipro.auto.saucedemo.testcases.LoginScenario_DDF" name="tc01_validate_loginfunc_valid_credntials" time="0.586"/>
  <testcase classname="org.wipro.auto.saucedemo.testcases.LoginScenario_DDF" name="tc01_validate_loginfunc_valid_credntials" time="0.518"/>
  <testcase classname="org.wipro.auto.saucedemo.testcases.LoginScenario_DDF" name="tc01_validate_loginfunc_valid_credntials" time="0.57"/>
</testsuite> <!-- Default test -->
