<?xml version="1.0" encoding="UTF-8"?>
<!-- Generated by org.testng.reporters.JUnitXMLReporter -->
<testsuite ignored="3" hostname="DESKTOP-DJ4FDME" failures="3" tests="55" name="Test" time="28.997" errors="0" timestamp="2025-06-12T08:30:13 IST">
  <testcase classname="testngDemo.FirstScenario4" name="fifth_testcase" time="0.016"/>
  <testcase classname="testngDemo.FirstScenario4" name="first_testcase" time="0.003"/>
  <testcase classname="testngDemo.FirstScenario4" name="forth_testcase" time="0.003"/>
  <testcase classname="testngDemo.FirstScenario4" name="second_testcase" time="0.003"/>
  <testcase classname="testngDemo.FirstScenario4" name="sixth_testcase" time="0.005"/>
  <testcase classname="testngDemo.FirstScenario4" name="third_testcase" time="0.001"/>
  <testcase classname="testngDemo.FirstScenario5" name="fifth_testcase" time="0.005"/>
  <testcase classname="testngDemo.FirstScenario5" name="first_testcase" time="0.001"/>
  <testcase classname="testngDemo.FirstScenario5" name="forth_testcase" time="0.024">
    <failure type="java.lang.AssertionError" message="expected [Hello World] but found [Hello]">
      <![CDATA[java.lang.AssertionError: expected [Hello World] but found [Hello]
at testngDemo.FirstScenario5.forth_testcase(FirstScenario5.java:35)
at java.base/java.util.ArrayList.forEach(ArrayList.java:1511)
... Removed 33 stack frames]]>
    </failure>
  </testcase> <!-- forth_testcase -->
  <testcase classname="testngDemo.FirstScenario5" name="second_testcase" time="0.003"/>
  <testcase classname="testngDemo.FirstScenario5" name="sixth_testcase" time="0.003"/>
  <testcase classname="testngDemo.FirstScenario5" name="third_testcase" time="0.002"/>
  <testcase classname="testngDemo.FirstScenario2" name="fifth_testcase" time="0.001"/>
  <testcase classname="testngDemo.FirstScenario2" name="first_testcase" time="0.002"/>
  <testcase classname="testngDemo.FirstScenario2" name="forth_testcase" time="0.003"/>
  <testcase classname="testngDemo.FirstScenario2" name="second_testcase" time="0.002"/>
  <testcase classname="testngDemo.FirstScenario2" name="sixth_testcase" time="0.002"/>
  <testcase classname="testngDemo.FirstScenario3" name="fifth_testcase" time="0.003"/>
  <testcase classname="testngDemo.FirstScenario3" name="first_testcase" time="0.002"/>
  <testcase classname="testngDemo.FirstScenario3" name="forth_testcase" time="0.001"/>
  <testcase classname="testngDemo.FirstScenario3" name="second_testcase" time="0.003"/>
  <testcase classname="testngDemo.FirstScenario3" name="sixth_testcase" time="0.002"/>
  <testcase classname="testngDemo.FirstScenario3" name="third_testcase" time="0.002">
    <failure type="java.lang.AssertionError" message="expected [Hello World] but found [Hello]">
      <![CDATA[java.lang.AssertionError: expected [Hello World] but found [Hello]
at testngDemo.FirstScenario3.third_testcase(FirstScenario3.java:29)
at java.base/java.util.ArrayList.forEach(ArrayList.java:1511)
... Removed 33 stack frames]]>
    </failure>
  </testcase> <!-- third_testcase -->
  <testcase classname="testngDemo.FirstScenario8" name="fifth_testcase" time="0.002"/>
  <testcase classname="testngDemo.FirstScenario8" name="first_testcase" time="0.001"/>
  <testcase classname="testngDemo.FirstScenario8" name="forth_testcase" time="0.001"/>
  <testcase classname="testngDemo.FirstScenario8" name="second_testcase" time="0.003"/>
  <testcase classname="testngDemo.FirstScenario8" name="sixth_testcase" time="0.002"/>
  <testcase classname="testngDemo.FirstScenario8" name="third_testcase" time="0.001"/>
  <testcase classname="testngDemo.FirstScenario9" name="fifth_testcase" time="0.002"/>
  <testcase classname="testngDemo.FirstScenario9" name="first_testcase" time="0.003"/>
  <testcase classname="testngDemo.FirstScenario9" name="forth_testcase" time="0.003"/>
  <testcase classname="testngDemo.FirstScenario9" name="second_testcase" time="0.002"/>
  <testcase classname="testngDemo.FirstScenario9" name="sixth_testcase" time="0.001"/>
  <testcase classname="testngDemo.FirstScenario9" name="third_testcase" time="0.003"/>
  <testcase classname="testngDemo.FirstScenario6" name="first_testcase" time="0.001"/>
  <testcase classname="testngDemo.FirstScenario6" name="third_testcase" time="0.001">
    <failure type="java.lang.AssertionError" message="expected [Hello World] but found [Hello]">
      <![CDATA[java.lang.AssertionError: expected [Hello World] but found [Hello]
at testngDemo.FirstScenario6.third_testcase(FirstScenario6.java:28)
at java.base/java.util.ArrayList.forEach(ArrayList.java:1511)
... Removed 33 stack frames]]>
    </failure>
  </testcase> <!-- third_testcase -->
  <testcase classname="testngDemo.FirstScenario6" name="fifth_testcase" time="0.002"/>
  <testcase classname="testngDemo.FirstScenario6" name="second_testcase" time="0.002"/>
  <testcase classname="testngDemo.FirstScenario6" name="sixth_testcase" time="0.002"/>
  <testcase classname="testngDemo.FirstScenario6" name="forth_testcase" time="0.0">
    <skipped/>
  </testcase> <!-- forth_testcase -->
  <testcase classname="testngDemo.FirstScenario7" name="fifth_testcase" time="0.003"/>
  <testcase classname="testngDemo.FirstScenario7" name="first_testcase" time="0.003"/>
  <testcase classname="testngDemo.FirstScenario7" name="forth_testcase" time="0.001"/>
  <testcase classname="testngDemo.FirstScenario7" name="second_testcase" time="0.001"/>
  <testcase classname="testngDemo.FirstScenario7" name="sixth_testcase" time="0.002"/>
  <testcase classname="testngDemo.FirstScenario7" name="third_testcase" time="0.001"/>
  <testcase classname="org.xyz.automation.project.HandleKBMouse_WinAlertFrames" name="handleAlerts" time="10.717"/>
  <testcase classname="org.xyz.automation.project.HandleKBMouse_WinAlertFrames" name="handlemouse" time="17.83"/>
  <testcase classname="testngDemo.FirstScenario10" name="fifth_testcase" time="0.0"/>
  <testcase classname="testngDemo.FirstScenario10" name="first_testcase" time="0.002"/>
  <testcase classname="testngDemo.FirstScenario10" name="forth_testcase" time="0.001"/>
  <testcase classname="testngDemo.FirstScenario10" name="second_testcase" time="0.002"/>
  <testcase classname="testngDemo.FirstScenario10" name="sixth_testcase" time="0.002"/>
  <testcase classname="testngDemo.FirstScenario10" name="third_testcase" time="0.002"/>
  <testcase classname="testngDemo.FirstScenario2" name="third_testcase" time="0.0">
    <ignored/>
  </testcase> <!-- third_testcase -->
  <testcase classname="org.xyz.automation.project.HandleKBMouse_WinAlertFrames" name="handlekeyboard" time="0.0">
    <ignored/>
  </testcase> <!-- handlekeyboard -->
  <testcase classname="org.xyz.automation.project.HandleKBMouse_WinAlertFrames" name="handleFrames" time="0.0">
    <ignored/>
  </testcase> <!-- handleFrames -->
</testsuite> <!-- Test -->
