<?xml version="1.0" encoding="UTF-8"?>
<testsuite name="Test"
           tests="6"
           failures="0"
           errors="0"
           skipped="0"
           time="0.031">
  <properties />
  
  
            <testcase name="third_testcase" time="0.001" classname="testngDemo.FirstScenario4" />
                <testcase name="first_testcase" time="0.003" classname="testngDemo.FirstScenario4" />
                <testcase name="fifth_testcase" time="0.016" classname="testngDemo.FirstScenario4" />
                <testcase name="second_testcase" time="0.003" classname="testngDemo.FirstScenario4" />
                <testcase name="sixth_testcase" time="0.005" classname="testngDemo.FirstScenario4" />
                <testcase name="forth_testcase" time="0.003" classname="testngDemo.FirstScenario4" />
      
</testsuite>
