<?xml version="1.0" encoding="UTF-8"?>
<testng-results ignored="0" total="3" passed="3" failed="0" skipped="0">
  <reporter-output>
  </reporter-output>
  <suite started-at="2025-06-14T08:24:43 IST" name="Default suite" finished-at="2025-06-14T08:24:57 IST" duration-ms="13950">
    <groups>
    </groups>
    <test started-at="2025-06-14T08:24:43 IST" name="Default test" finished-at="2025-06-14T08:24:57 IST" duration-ms="13950">
      <class name="org.wipro.auto.saucedemo.testcases.LoginScenario_DDF">
        <test-method is-config="true" signature="launchBrowser()[pri:0, instance:org.wipro.auto.saucedemo.testcases.LoginScenario_DDF@4afcd809]" started-at="2025-06-14T08:24:43 IST" name="launchBrowser" finished-at="2025-06-14T08:24:47 IST" duration-ms="4358" status="PASS">
          <reporter-output>
          </reporter-output>
        </test-method> <!-- launchBrowser -->
        <test-method signature="tc01_validate_loginfunc_valid_credntials(java.lang.String,java.lang.String)[pri:0, instance:org.wipro.auto.saucedemo.testcases.LoginScenario_DDF@4afcd809]" started-at="2025-06-14T08:24:47 IST" name="tc01_validate_loginfunc_valid_credntials" data-provider="ddf_data" finished-at="2025-06-14T08:24:48 IST" duration-ms="586" status="PASS">
          <params>
            <param index="0">
              <value>
                <![CDATA[standard_user]]>
              </value>
            </param>
            <param index="1">
              <value>
                <![CDATA[secret_sauce]]>
              </value>
            </param>
          </params>
          <reporter-output>
          </reporter-output>
        </test-method> <!-- tc01_validate_loginfunc_valid_credntials -->
        <test-method is-config="true" signature="closeBrowser()[pri:0, instance:org.wipro.auto.saucedemo.testcases.LoginScenario_DDF@4afcd809]" started-at="2025-06-14T08:24:48 IST" name="closeBrowser" finished-at="2025-06-14T08:24:48 IST" duration-ms="1" status="PASS">
          <reporter-output>
          </reporter-output>
        </test-method> <!-- closeBrowser -->
        <test-method is-config="true" signature="launchBrowser()[pri:0, instance:org.wipro.auto.saucedemo.testcases.LoginScenario_DDF@4afcd809]" started-at="2025-06-14T08:24:48 IST" name="launchBrowser" finished-at="2025-06-14T08:24:52 IST" duration-ms="3979" status="PASS">
          <reporter-output>
          </reporter-output>
        </test-method> <!-- launchBrowser -->
        <test-method signature="tc01_validate_loginfunc_valid_credntials(java.lang.String,java.lang.String)[pri:0, instance:org.wipro.auto.saucedemo.testcases.LoginScenario_DDF@4afcd809]" started-at="2025-06-14T08:24:52 IST" name="tc01_validate_loginfunc_valid_credntials" data-provider="ddf_data" finished-at="2025-06-14T08:24:52 IST" duration-ms="518" status="PASS">
          <params>
            <param index="0">
              <value>
                <![CDATA[locked_out_user]]>
              </value>
            </param>
            <param index="1">
              <value>
                <![CDATA[secret_sauce]]>
              </value>
            </param>
          </params>
          <reporter-output>
          </reporter-output>
        </test-method> <!-- tc01_validate_loginfunc_valid_credntials -->
        <test-method is-config="true" signature="closeBrowser()[pri:0, instance:org.wipro.auto.saucedemo.testcases.LoginScenario_DDF@4afcd809]" started-at="2025-06-14T08:24:52 IST" name="closeBrowser" finished-at="2025-06-14T08:24:52 IST" duration-ms="1" status="PASS">
          <reporter-output>
          </reporter-output>
        </test-method> <!-- closeBrowser -->
        <test-method is-config="true" signature="launchBrowser()[pri:0, instance:org.wipro.auto.saucedemo.testcases.LoginScenario_DDF@4afcd809]" started-at="2025-06-14T08:24:52 IST" name="launchBrowser" finished-at="2025-06-14T08:24:56 IST" duration-ms="3781" status="PASS">
          <reporter-output>
          </reporter-output>
        </test-method> <!-- launchBrowser -->
        <test-method signature="tc01_validate_loginfunc_valid_credntials(java.lang.String,java.lang.String)[pri:0, instance:org.wipro.auto.saucedemo.testcases.LoginScenario_DDF@4afcd809]" started-at="2025-06-14T08:24:56 IST" name="tc01_validate_loginfunc_valid_credntials" data-provider="ddf_data" finished-at="2025-06-14T08:24:57 IST" duration-ms="570" status="PASS">
          <params>
            <param index="0">
              <value>
                <![CDATA[problem_user]]>
              </value>
            </param>
            <param index="1">
              <value>
                <![CDATA[secret_sauce]]>
              </value>
            </param>
          </params>
          <reporter-output>
          </reporter-output>
        </test-method> <!-- tc01_validate_loginfunc_valid_credntials -->
        <test-method is-config="true" signature="closeBrowser()[pri:0, instance:org.wipro.auto.saucedemo.testcases.LoginScenario_DDF@4afcd809]" started-at="2025-06-14T08:24:57 IST" name="closeBrowser" finished-at="2025-06-14T08:24:57 IST" duration-ms="0" status="PASS">
          <reporter-output>
          </reporter-output>
        </test-method> <!-- closeBrowser -->
      </class> <!-- org.wipro.auto.saucedemo.testcases.LoginScenario_DDF -->
    </test> <!-- Default test -->
  </suite> <!-- Default suite -->
</testng-results>
